<?xml version="1.0" encoding="UTF-8"?>
<testng-results ignored="0" total="1" passed="1" failed="0" skipped="0">
  <reporter-output>
  </reporter-output>
  <suite started-at="2020-05-19T00:53:08 IST" name="Default suite" finished-at="2020-05-19T00:54:06 IST" duration-ms="57849">
    <groups>
    </groups>
    <test started-at="2020-05-19T00:53:08 IST" name="Default test" finished-at="2020-05-19T00:54:06 IST" duration-ms="57849">
      <class name="ro.altom.altunitytesterexample.SampleAppiumTest2">
        <test-method signature="main()[pri:0, instance:ro.altom.altunitytesterexample.SampleAppiumTest2@30b7c004]" started-at="2020-05-19T00:53:08 IST" name="main" finished-at="2020-05-19T00:54:06 IST" duration-ms="57800" status="PASS">
          <reporter-output>
          </reporter-output>
        </test-method> <!-- main -->
      </class> <!-- ro.altom.altunitytesterexample.SampleAppiumTest2 -->
    </test> <!-- Default test -->
  </suite> <!-- Default suite -->
</testng-results>
